# JRE version: OpenJDK Runtime Environment (21.0.5) (build 21.0.5+-12932927-b750.29)
# Java VM: OpenJDK 64-Bit Server VM (21.0.5+-12932927-b750.29, mixed mode, tiered, compressed oops, compressed class ptrs, g1 gc, windows-amd64)
GC Precious Log:
 CardTable entry size: 512
 Card Set container configuration: InlinePtr #cards 5 size 8 Array Of Cards #cards 12 size 40 Howl #buckets 4 coarsen threshold 1843 Howl Bitmap #cards 512 size 80 coarsen threshold 460 Card regions per heap region 1 cards per card region 2048
 CPUs: 8 total, 8 available
 Memory: 16226M
 Large Page Support: Disabled
 NUMA Support: Disabled
 Compressed Oops: Enabled (32-bit)
 Heap Region Size: 1M
 Heap Min Capacity: 8M
 Heap Initial Capacity: 254M
 Heap Max Capacity: 2G
 Pre-touch: Disabled
 Parallel Workers: 8
 Concurrent Workers: 2
 Concurrent Refinement Workers: 8
 Periodic GC: Disabled
Heap:
 garbage-first heap   total 333824K, used 217044K [0x0000000080000000, 0x0000000100000000)
  region size 1024K, 86 young (88064K), 22 survivors (22528K)
 Metaspace       used 100610K, committed 102656K, reserved 1179648K
  class space    used 13463K, committed 14464K, reserved 1048576K
GC Heap History (20 events):
Event: 22.956 GC heap before
{Heap before GC invocations=49 (full 0):
 garbage-first heap   total 262144K, used 235639K [0x0000000080000000, 0x0000000100000000)
  region size 1024K, 133 young (136192K), 11 survivors (11264K)
 Metaspace       used 64121K, committed 65664K, reserved 1114112K
  class space    used 8649K, committed 9408K, reserved 1048576K
}
Event: 22.962 GC heap after
{Heap after GC invocations=50 (full 0):
 garbage-first heap   total 262144K, used 111981K [0x0000000080000000, 0x0000000100000000)
  region size 1024K, 11 young (11264K), 11 survivors (11264K)
 Metaspace       used 64121K, committed 65664K, reserved 1114112K
  class space    used 8649K, committed 9408K, reserved 1048576K
}
Event: 23.322 GC heap before
{Heap before GC invocations=51 (full 0):
 garbage-first heap   total 262144K, used 234861K [0x0000000080000000, 0x0000000100000000)
  region size 1024K, 131 young (134144K), 11 survivors (11264K)
 Metaspace       used 64121K, committed 65664K, reserved 1114112K
  class space    used 8649K, committed 9408K, reserved 1048576K
}
Event: 23.328 GC heap after
{Heap after GC invocations=52 (full 0):
 garbage-first heap   total 262144K, used 112798K [0x0000000080000000, 0x0000000100000000)
  region size 1024K, 11 young (11264K), 11 survivors (11264K)
 Metaspace       used 64121K, committed 65664K, reserved 1114112K
  class space    used 8649K, committed 9408K, reserved 1048576K
}
Event: 23.643 GC heap before
{Heap before GC invocations=52 (full 0):
 garbage-first heap   total 262144K, used 235678K [0x0000000080000000, 0x0000000100000000)
  region size 1024K, 131 young (134144K), 11 survivors (11264K)
 Metaspace       used 64122K, committed 65664K, reserved 1114112K
  class space    used 8649K, committed 9408K, reserved 1048576K
}
Event: 23.651 GC heap after
{Heap after GC invocations=53 (full 0):
 garbage-first heap   total 315392K, used 111364K [0x0000000080000000, 0x0000000100000000)
  region size 1024K, 10 young (10240K), 10 survivors (10240K)
 Metaspace       used 64122K, committed 65664K, reserved 1114112K
  class space    used 8649K, committed 9408K, reserved 1048576K
}
Event: 24.082 GC heap before
{Heap before GC invocations=53 (full 0):
 garbage-first heap   total 315392K, used 287492K [0x0000000080000000, 0x0000000100000000)
  region size 1024K, 182 young (186368K), 10 survivors (10240K)
 Metaspace       used 64129K, committed 65664K, reserved 1114112K
  class space    used 8649K, committed 9408K, reserved 1048576K
}
Event: 24.088 GC heap after
{Heap after GC invocations=54 (full 0):
 garbage-first heap   total 315392K, used 112728K [0x0000000080000000, 0x0000000100000000)
  region size 1024K, 11 young (11264K), 11 survivors (11264K)
 Metaspace       used 64129K, committed 65664K, reserved 1114112K
  class space    used 8649K, committed 9408K, reserved 1048576K
}
Event: 24.529 GC heap before
{Heap before GC invocations=54 (full 0):
 garbage-first heap   total 315392K, used 286808K [0x0000000080000000, 0x0000000100000000)
  region size 1024K, 181 young (185344K), 11 survivors (11264K)
 Metaspace       used 64129K, committed 65664K, reserved 1114112K
  class space    used 8649K, committed 9408K, reserved 1048576K
}
Event: 24.535 GC heap after
{Heap after GC invocations=55 (full 0):
 garbage-first heap   total 315392K, used 114230K [0x0000000080000000, 0x0000000100000000)
  region size 1024K, 13 young (13312K), 13 survivors (13312K)
 Metaspace       used 64129K, committed 65664K, reserved 1114112K
  class space    used 8649K, committed 9408K, reserved 1048576K
}
Event: 25.936 GC heap before
{Heap before GC invocations=55 (full 0):
 garbage-first heap   total 315392K, used 260662K [0x0000000080000000, 0x0000000100000000)
  region size 1024K, 157 young (160768K), 13 survivors (13312K)
 Metaspace       used 64168K, committed 65728K, reserved 1114112K
  class space    used 8653K, committed 9408K, reserved 1048576K
}
Event: 25.938 GC heap after
{Heap after GC invocations=56 (full 0):
 garbage-first heap   total 315392K, used 99955K [0x0000000080000000, 0x0000000100000000)
  region size 1024K, 5 young (5120K), 5 survivors (5120K)
 Metaspace       used 64168K, committed 65728K, reserved 1114112K
  class space    used 8653K, committed 9408K, reserved 1048576K
}
Event: 27.239 GC heap before
{Heap before GC invocations=57 (full 0):
 garbage-first heap   total 315392K, used 294427K [0x0000000080000000, 0x0000000100000000)
  region size 1024K, 184 young (188416K), 5 survivors (5120K)
 Metaspace       used 76446K, committed 78144K, reserved 1179648K
  class space    used 10302K, committed 11136K, reserved 1048576K
}
Event: 27.244 GC heap after
{Heap after GC invocations=58 (full 0):
 garbage-first heap   total 315392K, used 114395K [0x0000000080000000, 0x0000000100000000)
  region size 1024K, 9 young (9216K), 9 survivors (9216K)
 Metaspace       used 76446K, committed 78144K, reserved 1179648K
  class space    used 10302K, committed 11136K, reserved 1048576K
}
Event: 28.606 GC heap before
{Heap before GC invocations=58 (full 0):
 garbage-first heap   total 315392K, used 288475K [0x0000000080000000, 0x0000000100000000)
  region size 1024K, 180 young (184320K), 9 survivors (9216K)
 Metaspace       used 81295K, committed 83136K, reserved 1179648K
  class space    used 10968K, committed 11840K, reserved 1048576K
}
Event: 28.617 GC heap after
{Heap after GC invocations=59 (full 0):
 garbage-first heap   total 315392K, used 117431K [0x0000000080000000, 0x0000000100000000)
  region size 1024K, 17 young (17408K), 17 survivors (17408K)
 Metaspace       used 81295K, committed 83136K, reserved 1179648K
  class space    used 10968K, committed 11840K, reserved 1048576K
}
Event: 28.838 GC heap before
{Heap before GC invocations=59 (full 0):
 garbage-first heap   total 315392K, used 178871K [0x0000000080000000, 0x0000000100000000)
  region size 1024K, 79 young (80896K), 17 survivors (17408K)
 Metaspace       used 81433K, committed 83264K, reserved 1179648K
  class space    used 10986K, committed 11904K, reserved 1048576K
}
Event: 28.846 GC heap after
{Heap after GC invocations=60 (full 0):
 garbage-first heap   total 315392K, used 119956K [0x0000000080000000, 0x0000000100000000)
  region size 1024K, 12 young (12288K), 12 survivors (12288K)
 Metaspace       used 81433K, committed 83264K, reserved 1179648K
  class space    used 10986K, committed 11904K, reserved 1048576K
}
Event: 30.527 GC heap before
{Heap before GC invocations=61 (full 0):
 garbage-first heap   total 315392K, used 305300K [0x0000000080000000, 0x0000000100000000)
  region size 1024K, 174 young (178176K), 12 survivors (12288K)
 Metaspace       used 94506K, committed 96576K, reserved 1179648K
  class space    used 12667K, committed 13696K, reserved 1048576K
}
Event: 30.541 GC heap after
{Heap after GC invocations=62 (full 0):
 garbage-first heap   total 333824K, used 148436K [0x0000000080000000, 0x0000000100000000)
  region size 1024K, 22 young (22528K), 22 survivors (22528K)
 Metaspace       used 94506K, committed 96576K, reserved 1179648K
  class space    used 12667K, committed 13696K, reserved 1048576K
}

