# JRE version: OpenJDK Runtime Environment (21.0.5) (build 21.0.5+-12932927-b750.29)
# Java VM: OpenJDK 64-Bit Server VM (21.0.5+-12932927-b750.29, mixed mode, tiered, compressed oops, compressed class ptrs, g1 gc, windows-amd64)
GC Precious Log:
 CardTable entry size: 512
 Card Set container configuration: InlinePtr #cards 5 size 8 Array Of Cards #cards 12 size 40 Howl #buckets 4 coarsen threshold 1843 Howl Bitmap #cards 512 size 80 coarsen threshold 460 Card regions per heap region 1 cards per card region 2048
 CPUs: 8 total, 8 available
 Memory: 16226M
 Large Page Support: Disabled
 NUMA Support: Disabled
 Compressed Oops: Enabled (32-bit)
 Heap Region Size: 1M
 Heap Min Capacity: 8M
 Heap Initial Capacity: 254M
 Heap Max Capacity: 2G
 Pre-touch: Disabled
 Parallel Workers: 8
 Concurrent Workers: 2
 Concurrent Refinement Workers: 8
 Periodic GC: Disabled
Heap:
 garbage-first heap   total 181248K, used 132362K [0x0000000080000000, 0x0000000100000000)
  region size 1024K, 29 young (29696K), 4 survivors (4096K)
 Metaspace       used 97069K, committed 99136K, reserved 1179648K
  class space    used 13313K, committed 14336K, reserved 1048576K
GC Heap History (20 events):
Event: 13.510 GC heap before
{Heap before GC invocations=30 (full 0):
 garbage-first heap   total 106496K, used 104026K [0x0000000080000000, 0x0000000100000000)
  region size 1024K, 31 young (31744K), 4 survivors (4096K)
 Metaspace       used 67921K, committed 69632K, reserved 1114112K
  class space    used 9263K, committed 10112K, reserved 1048576K
}
Event: 13.515 GC heap after
{Heap after GC invocations=31 (full 0):
 garbage-first heap   total 141312K, used 82295K [0x0000000080000000, 0x0000000100000000)
  region size 1024K, 5 young (5120K), 5 survivors (5120K)
 Metaspace       used 67921K, committed 69632K, reserved 1114112K
  class space    used 9263K, committed 10112K, reserved 1048576K
}
Event: 13.999 GC heap before
{Heap before GC invocations=31 (full 0):
 garbage-first heap   total 141312K, used 123255K [0x0000000080000000, 0x0000000100000000)
  region size 1024K, 45 young (46080K), 5 survivors (5120K)
 Metaspace       used 71360K, committed 73088K, reserved 1114112K
  class space    used 9702K, committed 10560K, reserved 1048576K
}
Event: 14.001 GC heap after
{Heap after GC invocations=32 (full 0):
 garbage-first heap   total 141312K, used 85123K [0x0000000080000000, 0x0000000100000000)
  region size 1024K, 2 young (2048K), 2 survivors (2048K)
 Metaspace       used 71360K, committed 73088K, reserved 1114112K
  class space    used 9702K, committed 10560K, reserved 1048576K
}
Event: 14.419 GC heap before
{Heap before GC invocations=32 (full 0):
 garbage-first heap   total 141312K, used 126083K [0x0000000080000000, 0x0000000100000000)
  region size 1024K, 42 young (43008K), 2 survivors (2048K)
 Metaspace       used 75872K, committed 77824K, reserved 1179648K
  class space    used 10307K, committed 11264K, reserved 1048576K
}
Event: 14.422 GC heap after
{Heap after GC invocations=33 (full 0):
 garbage-first heap   total 141312K, used 86251K [0x0000000080000000, 0x0000000100000000)
  region size 1024K, 3 young (3072K), 3 survivors (3072K)
 Metaspace       used 75872K, committed 77824K, reserved 1179648K
  class space    used 10307K, committed 11264K, reserved 1048576K
}
Event: 14.576 GC heap before
{Heap before GC invocations=33 (full 0):
 garbage-first heap   total 141312K, used 94443K [0x0000000080000000, 0x0000000100000000)
  region size 1024K, 12 young (12288K), 3 survivors (3072K)
 Metaspace       used 77472K, committed 79360K, reserved 1179648K
  class space    used 10493K, committed 11456K, reserved 1048576K
}
Event: 14.579 GC heap after
{Heap after GC invocations=34 (full 0):
 garbage-first heap   total 141312K, used 87717K [0x0000000080000000, 0x0000000100000000)
  region size 1024K, 5 young (5120K), 5 survivors (5120K)
 Metaspace       used 77472K, committed 79360K, reserved 1179648K
  class space    used 10493K, committed 11456K, reserved 1048576K
}
Event: 14.971 GC heap before
{Heap before GC invocations=35 (full 0):
 garbage-first heap   total 158720K, used 131749K [0x0000000080000000, 0x0000000100000000)
  region size 1024K, 42 young (43008K), 5 survivors (5120K)
 Metaspace       used 79380K, committed 81344K, reserved 1179648K
  class space    used 10753K, committed 11712K, reserved 1048576K
}
Event: 14.975 GC heap after
{Heap after GC invocations=36 (full 0):
 garbage-first heap   total 158720K, used 91128K [0x0000000080000000, 0x0000000100000000)
  region size 1024K, 6 young (6144K), 6 survivors (6144K)
 Metaspace       used 79380K, committed 81344K, reserved 1179648K
  class space    used 10753K, committed 11712K, reserved 1048576K
}
Event: 15.732 GC heap before
{Heap before GC invocations=36 (full 0):
 garbage-first heap   total 158720K, used 143352K [0x0000000080000000, 0x0000000100000000)
  region size 1024K, 53 young (54272K), 6 survivors (6144K)
 Metaspace       used 83964K, committed 85952K, reserved 1179648K
  class space    used 11347K, committed 12352K, reserved 1048576K
}
Event: 15.740 GC heap after
{Heap after GC invocations=37 (full 0):
 garbage-first heap   total 158720K, used 97971K [0x0000000080000000, 0x0000000100000000)
  region size 1024K, 3 young (3072K), 3 survivors (3072K)
 Metaspace       used 83964K, committed 85952K, reserved 1179648K
  class space    used 11347K, committed 12352K, reserved 1048576K
}
Event: 16.371 GC heap before
{Heap before GC invocations=37 (full 0):
 garbage-first heap   total 158720K, used 143027K [0x0000000080000000, 0x0000000100000000)
  region size 1024K, 47 young (48128K), 3 survivors (3072K)
 Metaspace       used 87549K, committed 89536K, reserved 1179648K
  class space    used 11804K, committed 12800K, reserved 1048576K
}
Event: 16.375 GC heap after
{Heap after GC invocations=38 (full 0):
 garbage-first heap   total 158720K, used 100609K [0x0000000080000000, 0x0000000100000000)
  region size 1024K, 6 young (6144K), 6 survivors (6144K)
 Metaspace       used 87549K, committed 89536K, reserved 1179648K
  class space    used 11804K, committed 12800K, reserved 1048576K
}
Event: 16.885 GC heap before
{Heap before GC invocations=39 (full 0):
 garbage-first heap   total 168960K, used 142593K [0x0000000080000000, 0x0000000100000000)
  region size 1024K, 47 young (48128K), 6 survivors (6144K)
 Metaspace       used 88351K, committed 90304K, reserved 1179648K
  class space    used 11913K, committed 12928K, reserved 1048576K
}
Event: 16.892 GC heap after
{Heap after GC invocations=40 (full 0):
 garbage-first heap   total 168960K, used 103987K [0x0000000080000000, 0x0000000100000000)
  region size 1024K, 6 young (6144K), 6 survivors (6144K)
 Metaspace       used 88351K, committed 90304K, reserved 1179648K
  class space    used 11913K, committed 12928K, reserved 1048576K
}
Event: 17.366 GC heap before
{Heap before GC invocations=40 (full 0):
 garbage-first heap   total 168960K, used 154163K [0x0000000080000000, 0x0000000100000000)
  region size 1024K, 54 young (55296K), 6 survivors (6144K)
 Metaspace       used 91885K, committed 93888K, reserved 1179648K
  class space    used 12455K, committed 13504K, reserved 1048576K
}
Event: 17.371 GC heap after
{Heap after GC invocations=41 (full 0):
 garbage-first heap   total 168960K, used 106024K [0x0000000080000000, 0x0000000100000000)
  region size 1024K, 6 young (6144K), 6 survivors (6144K)
 Metaspace       used 91885K, committed 93888K, reserved 1179648K
  class space    used 12455K, committed 13504K, reserved 1048576K
}
Event: 17.821 GC heap before
{Heap before GC invocations=41 (full 0):
 garbage-first heap   total 168960K, used 153128K [0x0000000080000000, 0x0000000100000000)
  region size 1024K, 52 young (53248K), 6 survivors (6144K)
 Metaspace       used 95389K, committed 97408K, reserved 1179648K
  class space    used 13071K, committed 14080K, reserved 1048576K
}
Event: 17.825 GC heap after
{Heap after GC invocations=42 (full 0):
 garbage-first heap   total 168960K, used 107786K [0x0000000080000000, 0x0000000100000000)
  region size 1024K, 4 young (4096K), 4 survivors (4096K)
 Metaspace       used 95389K, committed 97408K, reserved 1179648K
  class space    used 13071K, committed 14080K, reserved 1048576K
}

