# JRE version: OpenJDK Runtime Environment (21.0.5) (build 21.0.5+-12932927-b750.29)
# Java VM: OpenJDK 64-Bit Server VM (21.0.5+-12932927-b750.29, mixed mode, tiered, compressed oops, compressed class ptrs, g1 gc, windows-amd64)
GC Precious Log:
 CardTable entry size: 512
 Card Set container configuration: InlinePtr #cards 5 size 8 Array Of Cards #cards 12 size 40 Howl #buckets 4 coarsen threshold 1843 Howl Bitmap #cards 512 size 80 coarsen threshold 460 Card regions per heap region 1 cards per card region 2048
 CPUs: 8 total, 8 available
 Memory: 16226M
 Large Page Support: Disabled
 NUMA Support: Disabled
 Compressed Oops: Enabled (32-bit)
 Heap Region Size: 1M
 Heap Min Capacity: 8M
 Heap Initial Capacity: 254M
 Heap Max Capacity: 2G
 Pre-touch: Disabled
 Parallel Workers: 8
 Concurrent Workers: 2
 Concurrent Refinement Workers: 8
 Periodic GC: Disabled
Heap:
 garbage-first heap   total 413696K, used 215665K [0x0000000080000000, 0x0000000100000000)
  region size 1024K, 2 young (2048K), 2 survivors (2048K)
 Metaspace       used 64868K, committed 66304K, reserved 1114112K
  class space    used 8687K, committed 9408K, reserved 1048576K
GC Heap History (20 events):
Event: 21.614 GC heap after
{Heap after GC invocations=51 (full 0):
 garbage-first heap   total 205824K, used 98691K [0x0000000080000000, 0x0000000100000000)
  region size 1024K, 11 young (11264K), 11 survivors (11264K)
 Metaspace       used 64546K, committed 66048K, reserved 1114112K
  class space    used 8693K, committed 9408K, reserved 1048576K
}
Event: 21.884 GC heap before
{Heap before GC invocations=51 (full 0):
 garbage-first heap   total 205824K, used 182659K [0x0000000080000000, 0x0000000100000000)
  region size 1024K, 93 young (95232K), 11 survivors (11264K)
 Metaspace       used 64546K, committed 66048K, reserved 1114112K
  class space    used 8693K, committed 9408K, reserved 1048576K
}
Event: 21.890 GC heap after
{Heap after GC invocations=52 (full 0):
 garbage-first heap   total 205824K, used 103188K [0x0000000080000000, 0x0000000100000000)
  region size 1024K, 9 young (9216K), 9 survivors (9216K)
 Metaspace       used 64546K, committed 66048K, reserved 1114112K
  class space    used 8693K, committed 9408K, reserved 1048576K
}
Event: 22.245 GC heap before
{Heap before GC invocations=53 (full 0):
 garbage-first heap   total 205824K, used 187156K [0x0000000080000000, 0x0000000100000000)
  region size 1024K, 89 young (91136K), 9 survivors (9216K)
 Metaspace       used 64522K, committed 66048K, reserved 1114112K
  class space    used 8686K, committed 9408K, reserved 1048576K
}
Event: 22.261 GC heap after
{Heap after GC invocations=54 (full 0):
 garbage-first heap   total 214016K, used 116736K [0x0000000080000000, 0x0000000100000000)
  region size 1024K, 12 young (12288K), 12 survivors (12288K)
 Metaspace       used 64522K, committed 66048K, reserved 1114112K
  class space    used 8686K, committed 9408K, reserved 1048576K
}
Event: 22.740 GC heap before
{Heap before GC invocations=54 (full 0):
 garbage-first heap   total 214016K, used 192512K [0x0000000080000000, 0x0000000100000000)
  region size 1024K, 83 young (84992K), 12 survivors (12288K)
 Metaspace       used 64618K, committed 66112K, reserved 1114112K
  class space    used 8686K, committed 9408K, reserved 1048576K
}
Event: 22.799 GC heap after
{Heap after GC invocations=55 (full 0):
 garbage-first heap   total 248832K, used 161792K [0x0000000080000000, 0x0000000100000000)
  region size 1024K, 11 young (11264K), 11 survivors (11264K)
 Metaspace       used 64618K, committed 66112K, reserved 1114112K
  class space    used 8686K, committed 9408K, reserved 1048576K
}
Event: 23.359 GC heap before
{Heap before GC invocations=55 (full 0):
 garbage-first heap   total 248832K, used 204800K [0x0000000080000000, 0x0000000100000000)
  region size 1024K, 54 young (55296K), 11 survivors (11264K)
 Metaspace       used 64720K, committed 66240K, reserved 1114112K
  class space    used 8686K, committed 9408K, reserved 1048576K
}
Event: 23.388 GC heap after
{Heap after GC invocations=56 (full 0):
 garbage-first heap   total 368640K, used 172544K [0x0000000080000000, 0x0000000100000000)
  region size 1024K, 7 young (7168K), 7 survivors (7168K)
 Metaspace       used 64720K, committed 66240K, reserved 1114112K
  class space    used 8686K, committed 9408K, reserved 1048576K
}
Event: 24.183 GC heap before
{Heap before GC invocations=57 (full 0):
 garbage-first heap   total 368640K, used 278016K [0x0000000080000000, 0x0000000100000000)
  region size 1024K, 114 young (116736K), 7 survivors (7168K)
 Metaspace       used 64785K, committed 66240K, reserved 1114112K
  class space    used 8686K, committed 9408K, reserved 1048576K
}
Event: 24.217 GC heap after
{Heap after GC invocations=58 (full 0):
 garbage-first heap   total 368640K, used 202752K [0x0000000080000000, 0x0000000100000000)
  region size 1024K, 15 young (15360K), 15 survivors (15360K)
 Metaspace       used 64785K, committed 66240K, reserved 1114112K
  class space    used 8686K, committed 9408K, reserved 1048576K
}
Event: 24.579 GC heap before
{Heap before GC invocations=58 (full 0):
 garbage-first heap   total 368640K, used 293888K [0x0000000080000000, 0x0000000100000000)
  region size 1024K, 103 young (105472K), 15 survivors (15360K)
 Metaspace       used 64811K, committed 66304K, reserved 1114112K
  class space    used 8686K, committed 9408K, reserved 1048576K
}
Event: 24.607 GC heap after
{Heap after GC invocations=59 (full 0):
 garbage-first heap   total 368640K, used 221184K [0x0000000080000000, 0x0000000100000000)
  region size 1024K, 13 young (13312K), 13 survivors (13312K)
 Metaspace       used 64811K, committed 66304K, reserved 1114112K
  class space    used 8686K, committed 9408K, reserved 1048576K
}
Event: 24.693 GC heap before
{Heap before GC invocations=59 (full 0):
 garbage-first heap   total 368640K, used 250880K [0x0000000080000000, 0x0000000100000000)
  region size 1024K, 44 young (45056K), 13 survivors (13312K)
 Metaspace       used 64851K, committed 66304K, reserved 1114112K
  class space    used 8686K, committed 9408K, reserved 1048576K
}
Event: 24.713 GC heap after
{Heap after GC invocations=60 (full 0):
 garbage-first heap   total 368640K, used 237568K [0x0000000080000000, 0x0000000100000000)
  region size 1024K, 12 young (12288K), 12 survivors (12288K)
 Metaspace       used 64851K, committed 66304K, reserved 1114112K
  class space    used 8686K, committed 9408K, reserved 1048576K
}
Event: 24.885 GC heap before
{Heap before GC invocations=60 (full 0):
 garbage-first heap   total 368640K, used 309248K [0x0000000080000000, 0x0000000100000000)
  region size 1024K, 74 young (75776K), 12 survivors (12288K)
 Metaspace       used 64853K, committed 66304K, reserved 1114112K
  class space    used 8687K, committed 9408K, reserved 1048576K
}
Event: 24.900 GC heap after
{Heap after GC invocations=61 (full 0):
 garbage-first heap   total 368640K, used 257513K [0x0000000080000000, 0x0000000100000000)
  region size 1024K, 10 young (10240K), 10 survivors (10240K)
 Metaspace       used 64853K, committed 66304K, reserved 1114112K
  class space    used 8687K, committed 9408K, reserved 1048576K
}
Event: 25.101 GC heap before
{Heap before GC invocations=62 (full 0):
 garbage-first heap   total 413696K, used 303593K [0x0000000080000000, 0x0000000100000000)
  region size 1024K, 66 young (67584K), 10 survivors (10240K)
 Metaspace       used 64858K, committed 66304K, reserved 1114112K
  class space    used 8687K, committed 9408K, reserved 1048576K
}
Event: 25.109 GC heap after
{Heap after GC invocations=63 (full 0):
 garbage-first heap   total 413696K, used 248569K [0x0000000080000000, 0x0000000100000000)
  region size 1024K, 2 young (2048K), 2 survivors (2048K)
 Metaspace       used 64858K, committed 66304K, reserved 1114112K
  class space    used 8687K, committed 9408K, reserved 1048576K
}
Event: 25.331 GC heap before
{Heap before GC invocations=63 (full 0):
 garbage-first heap   total 413696K, used 339705K [0x0000000080000000, 0x0000000100000000)
  region size 1024K, 91 young (93184K), 2 survivors (2048K)
 Metaspace       used 64868K, committed 66304K, reserved 1114112K
  class space    used 8687K, committed 9408K, reserved 1048576K
}

